<?xml version="1.0" encoding="UTF-8"?>
<!-- Generated by org.testng.reporters.JUnitXMLReporter -->
<testsuite hostname="DESKTOP-73G0TGN" ignored="0" name="Default test" tests="3" failures="0" timestamp="2022-08-01T18:16:29 IST" time="74.408" errors="0">
  <testcase name="loginTest" time="24.828" classname="para.SeleniumDataProvider"/>
  <testcase name="loginTest" time="19.333" classname="para.SeleniumDataProvider"/>
  <testcase name="loginTest" time="30.157" classname="para.SeleniumDataProvider"/>
</testsuite> <!-- Default test -->
