<?xml version="1.0" encoding="UTF-8"?>
<testng-results skipped="0" failed="0" ignored="0" total="1" passed="1">
  <reporter-output>
  </reporter-output>
  <suite name="Suite" duration-ms="37927" started-at="2022-07-28T20:19:04 IST" finished-at="2022-07-28T20:19:42 IST">
    <groups>
    </groups>
    <test name="Test" duration-ms="37927" started-at="2022-07-28T20:19:04 IST" finished-at="2022-07-28T20:19:42 IST">
      <class name="para.ParamatWithXML">
        <test-method status="PASS" signature="login(java.lang.String)[pri:0, instance:para.ParamatWithXML@176b067]" name="login" duration-ms="37569" started-at="2022-07-28T20:19:05 IST" finished-at="2022-07-28T20:19:42 IST">
          <params>
            <param index="0">
              <value>
                <![CDATA[chrome]]>
              </value>
            </param>
          </params>
          <reporter-output>
          </reporter-output>
        </test-method> <!-- login -->
      </class> <!-- para.ParamatWithXML -->
    </test> <!-- Test -->
  </suite> <!-- Suite -->
</testng-results>
